#0 building with "desktop-linux" instance using docker driver

#1 [quotes-service internal] load build definition from Dockerfile
#1 transferring dockerfile: 370B 0.0s done
#1 DONE 0.1s

#2 [quotes-service internal] load metadata for docker.io/library/golang:1.24
#2 DONE 1.6s

#3 [quotes-service internal] load metadata for docker.io/library/alpine:3.21
#3 DONE 1.6s

#4 [quotes-service internal] load .dockerignore
#4 transferring context: 2B done
#4 DONE 0.1s

#5 [quotes-service internal] load build context
#5 DONE 0.0s

#6 [quotes-service stage-1 1/3] FROM docker.io/library/alpine:3.21@sha256:a8560b36e8b8210634f77d9f7f9efd7ffa463e380b75e2e74aff4511df3ef88c
#6 resolve docker.io/library/alpine:3.21@sha256:a8560b36e8b8210634f77d9f7f9efd7ffa463e380b75e2e74aff4511df3ef88c
#6 resolve docker.io/library/alpine:3.21@sha256:a8560b36e8b8210634f77d9f7f9efd7ffa463e380b75e2e74aff4511df3ef88c 0.1s done
#6 DONE 0.1s

#7 [quotes-service builder 1/5] FROM docker.io/library/golang:1.24@sha256:4c0a1814a7c6c65ece28b3bfea14ee3cf83b5e80b81418453f0e9d5255a5d7b8
#7 resolve docker.io/library/golang:1.24@sha256:4c0a1814a7c6c65ece28b3bfea14ee3cf83b5e80b81418453f0e9d5255a5d7b8 0.1s done
#7 DONE 0.1s

#5 [quotes-service internal] load build context
#5 transferring context: 26.32kB 0.1s done
#5 DONE 0.1s

#8 [quotes-service builder 2/5] WORKDIR /app
#8 CACHED

#9 [quotes-service builder 3/5] COPY . .
#9 DONE 0.4s

#10 [quotes-service builder 4/5] RUN go mod download
#10 0.768 go: no module dependencies to download
#10 DONE 0.9s

#11 [quotes-service builder 5/5] RUN go build -o quotes_app ./cmd
#11 DONE 15.7s

#12 [quotes-service stage-1 2/3] WORKDIR /app
#12 CACHED

#13 [quotes-service stage-1 3/3] COPY --from=builder /app/quotes_app quotes_app
#13 DONE 0.2s

#14 [quotes-service] exporting to image
#14 exporting layers
#14 exporting layers 0.8s done
#14 exporting manifest sha256:657435f3be1269c25cf6d5c596258b7988463f974318cceedd359dee1154e989 0.0s done
#14 exporting config sha256:d2bb6c594b4f9b31f0b02fcc8c0804aff398e8765703b5ee0e0e33d5743f5404 0.0s done
#14 exporting attestation manifest sha256:1da3f66da927e3ab2abbcd2be652c2b3f4052bb56953e797391e8ed376731be0
#14 exporting attestation manifest sha256:1da3f66da927e3ab2abbcd2be652c2b3f4052bb56953e797391e8ed376731be0 0.1s done
#14 exporting manifest list sha256:1693601e39be0f3152658c09aa338af6091e042db03343898e45814067870384 0.0s done
#14 naming to docker.io/library/brandscouttest-quotes-service:latest
#14 naming to docker.io/library/brandscouttest-quotes-service:latest done
#14 unpacking to docker.io/library/brandscouttest-quotes-service:latest 0.1s done
#14 DONE 1.2s

#15 [quotes-service] resolving provenance for metadata file
#15 DONE 0.0s
